\BOOKMARK [0][-]{chapter.1}{\376\377\000L\000a\000b\000\040\0001\000:\000\040\000S\000V\000D\000,\000\040\000T\000a\000y\000l\000o\000r\000\040\000S\000e\000r\000i\000e\000s\000,\000\040\000a\000n\000d\000\040\000L\000o\000w\000-\000R\000a\000n\000k\000\040\000T\000r\000u\000n\000c\000a\000t\000i\000o\000n}{}% 1
\BOOKMARK [1][-]{section.1.1}{\376\377\000O\000b\000j\000e\000c\000t\000i\000v\000e\000s}{chapter.1}% 2
\BOOKMARK [1][-]{section.1.2}{\376\377\000B\000a\000c\000k\000g\000r\000o\000u\000n\000d}{chapter.1}% 3
\BOOKMARK [2][-]{subsection.1.2.1}{\376\377\000S\000p\000a\000t\000i\000a\000l\000\040\000D\000i\000s\000c\000r\000e\000t\000i\000z\000a\000t\000i\000o\000n}{section.1.2}% 4
\BOOKMARK [2][-]{subsection.1.2.2}{\376\377\000T\000a\000y\000l\000o\000r\000\040\000S\000e\000r\000i\000e\000s\000\040\000T\000i\000m\000e\000-\000S\000t\000e\000p\000p\000i\000n\000g}{section.1.2}% 5
\BOOKMARK [1][-]{section.1.3}{\376\377\000P\000a\000r\000t\000\040\0001\000:\000\040\000L\000L\000R\000S\000V\000D\000\040\000T\000y\000p\000e\000\040\000a\000n\000d\000\040\000T\000r\000u\000n\000c\000a\000t\000i\000o\000n}{chapter.1}% 6
\BOOKMARK [2][-]{subsection.1.3.1}{\376\377\000L\000o\000w\000-\000R\000a\000n\000k\000\040\000S\000V\000D\000\040\000R\000e\000p\000r\000e\000s\000e\000n\000t\000a\000t\000i\000o\000n}{section.1.3}% 7
\BOOKMARK [2][-]{subsection.1.3.2}{\376\377\000L\000L\000R\000S\000V\000D\000\040\000S\000t\000r\000u\000c\000t\000\040\000\050\000C\000o\000n\000c\000e\000p\000t\000u\000a\000l\000\051}{section.1.3}% 8
\BOOKMARK [2][-]{subsection.1.3.3}{\376\377\000F\000r\000o\000b\000e\000n\000i\000u\000s\000-\000N\000o\000r\000m\000\040\000T\000r\000u\000n\000c\000a\000t\000i\000o\000n}{section.1.3}% 9
\BOOKMARK [1][-]{section.1.4}{\376\377\000P\000a\000r\000t\000\040\0002\000:\000\040\000T\000a\000y\000l\000o\000r\000\040\000S\000e\000r\000i\000e\000s\000\040\000a\000n\000d\000\040\000T\000r\000u\000n\000c\000a\000t\000i\000o\000n\000\040\000T\000o\000l\000e\000r\000a\000n\000c\000e}{chapter.1}% 10
\BOOKMARK [2][-]{subsection.1.4.1}{\376\377\000F\000u\000l\000l\000-\000R\000a\000n\000k\000\040\000E\000x\000a\000m\000p\000l\000e}{section.1.4}% 11
\BOOKMARK [2][-]{subsection.1.4.2}{\376\377\000S\000i\000n\000g\000u\000l\000a\000r\000\040\000V\000a\000l\000u\000e\000s\000\040\000o\000f\000\040\000T\000a\000y\000l\000o\000r\000\040\000T\000e\000r\000m\000s}{section.1.4}% 12
\BOOKMARK [1][-]{section.1.5}{\376\377\000P\000a\000r\000t\000\040\0003\000:\000\040\000A\000d\000d\000i\000n\000g\000\040\000L\000o\000w\000-\000R\000a\000n\000k\000\040\000M\000a\000t\000r\000i\000c\000e\000s\000\040\000\050\000t\000r\000u\000n\000c\000\137\000s\000u\000m\000\051}{chapter.1}% 13
\BOOKMARK [1][-]{section.1.6}{\376\377\000P\000a\000r\000t\000\040\0004\000:\000\040\000S\000t\000e\000p\000-\000a\000n\000d\000-\000T\000r\000u\000n\000c\000a\000t\000e\000\040\000S\000i\000m\000u\000l\000a\000t\000i\000o\000n}{chapter.1}% 14
\BOOKMARK [1][-]{section.1.7}{\376\377\000P\000a\000r\000t\000\040\0005\000:\000\040\000S\000o\000l\000i\000d\000-\000B\000o\000d\000y\000\040\000R\000o\000t\000a\000t\000i\000o\000n}{chapter.1}% 15
\BOOKMARK [0][-]{chapter.2}{\376\377\000L\000a\000b\000\040\0002\000:\000\040\000L\000o\000w\000-\000R\000a\000n\000k\000\040\000S\000e\000n\000s\000i\000t\000i\000v\000i\000t\000i\000e\000s\000\040\000a\000n\000d\000\040\000G\000r\000a\000d\000i\000e\000n\000t\000\040\000C\000o\000m\000p\000u\000t\000a\000t\000i\000o\000n}{}% 16
\BOOKMARK [1][-]{section.2.1}{\376\377\000O\000b\000j\000e\000c\000t\000i\000v\000e\000s}{chapter.2}% 17
\BOOKMARK [1][-]{section.2.2}{\376\377\000B\000a\000c\000k\000g\000r\000o\000u\000n\000d\000:\000\040\000P\000a\000r\000a\000m\000e\000t\000e\000r\000-\000D\000e\000p\000e\000n\000d\000e\000n\000t\000\040\000P\000D\000E}{chapter.2}% 18
\BOOKMARK [2][-]{subsection.2.2.1}{\376\377\000C\000o\000s\000t\000\040\000F\000u\000n\000c\000t\000i\000o\000n\000a\000l\000\040\000a\000n\000d\000\040\000S\000e\000n\000s\000i\000t\000i\000v\000i\000t\000y\000\040\000M\000a\000t\000r\000i\000x}{section.2.2}% 19
\BOOKMARK [1][-]{section.2.3}{\376\377\000S\000e\000m\000i\000-\000D\000i\000s\000c\000r\000e\000t\000e\000\040\000S\000y\000s\000t\000e\000m\000\040\000a\000n\000d\000\040\000S\000e\000n\000s\000i\000t\000i\000v\000i\000t\000y\000\040\000E\000q\000u\000a\000t\000i\000o\000n}{chapter.2}% 20
\BOOKMARK [1][-]{section.2.4}{\376\377\000D\000e\000n\000s\000e\000\040\000R\000e\000f\000e\000r\000e\000n\000c\000e\000\040\000S\000o\000l\000v\000e\000r}{chapter.2}% 21
\BOOKMARK [1][-]{section.2.5}{\376\377\000S\000t\000e\000p\000-\000a\000n\000d\000-\000T\000r\000u\000n\000c\000a\000t\000e\000\040\000R\000K\0004\000\040\000f\000o\000r\000\040\000L\000o\000w\000-\000R\000a\000n\000k\000\040\000X}{chapter.2}% 22
\BOOKMARK [1][-]{section.2.6}{\376\377\000G\000r\000a\000d\000i\000e\000n\000t\000\040\000f\000r\000o\000m\000\040\000L\000o\000w\000-\000R\000a\000n\000k\000\040\000F\000a\000c\000t\000o\000r\000s}{chapter.2}% 23
\BOOKMARK [1][-]{section.2.7}{\376\377\000S\000t\000e\000e\000p\000e\000s\000t\000\040\000D\000e\000s\000c\000e\000n\000t\000\040\000w\000i\000t\000h\000\040\000A\000r\000m\000i\000j\000o\000\040\000L\000i\000n\000e\000\040\000S\000e\000a\000r\000c\000h}{chapter.2}% 24
\BOOKMARK [0][-]{chapter.3}{\376\377\000L\000a\000b\000\040\0003\000:\000\040\000T\000u\000c\000k\000e\000r\000\040\000T\000e\000n\000s\000o\000r\000s}{}% 25
\BOOKMARK [1][-]{section.3.1}{\376\377\000O\000b\000j\000e\000c\000t\000i\000v\000e\000s}{chapter.3}% 26
\BOOKMARK [1][-]{section.3.2}{\376\377\000T\000e\000n\000s\000o\000r\000s\000\040\000a\000n\000d\000\040\000M\000o\000d\000e\000-\000n\000\040\000U\000n\000f\000o\000l\000d\000i\000n\000g}{chapter.3}% 27
\BOOKMARK [1][-]{section.3.3}{\376\377\000M\000o\000d\000e\000-\000n\000\040\000P\000r\000o\000d\000u\000c\000t}{chapter.3}% 28
\BOOKMARK [1][-]{section.3.4}{\376\377\000T\000u\000c\000k\000e\000r\000\040\000D\000e\000c\000o\000m\000p\000o\000s\000i\000t\000i\000o\000n\000\040\000a\000n\000d\000\040\000H\000O\000S\000V\000D}{chapter.3}% 29
\BOOKMARK [2][-]{subsection.3.4.1}{\376\377\000H\000O\000S\000V\000D\000\040\000A\000l\000g\000o\000r\000i\000t\000h\000m}{section.3.4}% 30
\BOOKMARK [1][-]{section.3.5}{\376\377\000T\000u\000c\000k\000e\000r\0003\000\040\000S\000t\000r\000u\000c\000t\000\040\000a\000n\000d\000\040\000R\000e\000c\000o\000n\000s\000t\000r\000u\000c\000t\000i\000o\000n}{chapter.3}% 31
\BOOKMARK [1][-]{section.3.6}{\376\377\000T\000u\000c\000k\000e\000r\000\040\000R\000o\000u\000n\000d\000i\000n\000g}{chapter.3}% 32
\BOOKMARK [1][-]{section.3.7}{\376\377\000I\000n\000n\000e\000r\000\040\000P\000r\000o\000d\000u\000c\000t\000\040\000a\000n\000d\000\040\000N\000o\000r\000m\000\040\000i\000n\000\040\000T\000u\000c\000k\000e\000r\000\040\000F\000o\000r\000m\000a\000t}{chapter.3}% 33
\BOOKMARK [1][-]{section.3.8}{\376\377\000S\000u\000m\000\040\000a\000n\000d\000\040\000R\000e\000c\000o\000m\000p\000r\000e\000s\000s\000i\000o\000n}{chapter.3}% 34
\BOOKMARK [1][-]{section.3.9}{\376\377\0003\000D\000\040\000A\000d\000v\000e\000c\000t\000i\000o\000n\000\040\000i\000n\000\040\000T\000u\000c\000k\000e\000r\000\040\000F\000o\000r\000m\000a\000t}{chapter.3}% 35
