This is pdfTeX, Version 3.141592653-2.6-1.40.29 (TeX Live 2026) (preloaded format=pdflatex 2026.3.1)  18 JUN 2026 13:31
entering extended mode
 restricted \write18 enabled.
 file:line:error style messages enabled.
 %&-line parsing enabled.
**/Users/soeunjang/Downloads/lab/final/final_report/report.tex
(/Users/soeunjang/Downloads/lab/final/final_report/report.tex
LaTeX2e <2025-11-01>
L3 programming layer <2026-01-19>
(/usr/local/texlive/2026basic/texmf-dist/tex/latex/base/report.cls
Document Class: report 2025/01/22 v1.4n Standard LaTeX document class
(/usr/local/texlive/2026basic/texmf-dist/tex/latex/base/size11.clo
File: size11.clo 2025/01/22 v1.4n Standard LaTeX file (size option)
)
\c@part=\count275
\c@chapter=\count276
\c@section=\count277
\c@subsection=\count278
\c@subsubsection=\count279
\c@paragraph=\count280
\c@subparagraph=\count281
\c@figure=\count282
\c@table=\count283
\abovecaptionskip=\skip49
\belowcaptionskip=\skip50
\bibindent=\dimen148
) (/usr/local/texlive/2026basic/texmf-dist/tex/latex/geometry/geometry.sty
Package: geometry 2020/01/02 v5.9 Page Geometry
 (/usr/local/texlive/2026basic/texmf-dist/tex/latex/graphics/keyval.sty
Package: keyval 2022/05/29 v1.15 key=value parser (DPC)
\KV@toks@=\toks17
) (/usr/local/texlive/2026basic/texmf-dist/tex/generic/iftex/ifvtex.sty
Package: ifvtex 2019/10/25 v1.7 ifvtex legacy package. Use iftex instead.
 (/usr/local/texlive/2026basic/texmf-dist/tex/generic/iftex/iftex.sty
Package: iftex 2024/12/12 v1.0g TeX engine tests
))
\Gm@cnth=\count284
\Gm@cntv=\count285
\c@Gm@tempcnt=\count286
\Gm@bindingoffset=\dimen149
\Gm@wd@mp=\dimen150
\Gm@odd@mp=\dimen151
\Gm@even@mp=\dimen152
\Gm@layoutwidth=\dimen153
\Gm@layoutheight=\dimen154
\Gm@layouthoffset=\dimen155
\Gm@layoutvoffset=\dimen156
\Gm@dimlist=\toks18
) (/usr/local/texlive/2026basic/texmf-dist/tex/latex/amsmath/amsmath.sty
Package: amsmath 2025/07/09 v2.17z AMS math features
\@mathmargin=\skip51

For additional information on amsmath, use the `?' option.
(/usr/local/texlive/2026basic/texmf-dist/tex/latex/amsmath/amstext.sty
Package: amstext 2024/11/17 v2.01 AMS text
 (/usr/local/texlive/2026basic/texmf-dist/tex/latex/amsmath/amsgen.sty
File: amsgen.sty 1999/11/30 v2.0 generic functions
\@emptytoks=\toks19
\ex@=\dimen157
)) (/usr/local/texlive/2026basic/texmf-dist/tex/latex/amsmath/amsbsy.sty
Package: amsbsy 1999/11/29 v1.2d Bold Symbols
\pmbraise@=\dimen158
) (/usr/local/texlive/2026basic/texmf-dist/tex/latex/amsmath/amsopn.sty
Package: amsopn 2022/04/08 v2.04 operator names
)
\inf@bad=\count287
LaTeX Info: Redefining \frac on input line 233.
\uproot@=\count288
\leftroot@=\count289
LaTeX Info: Redefining \overline on input line 398.
LaTeX Info: Redefining \colon on input line 409.
\classnum@=\count290
\DOTSCASE@=\count291
LaTeX Info: Redefining \ldots on input line 495.
LaTeX Info: Redefining \dots on input line 498.
LaTeX Info: Redefining \cdots on input line 619.
\Mathstrutbox@=\box53
\strutbox@=\box54
LaTeX Info: Redefining \big on input line 721.
LaTeX Info: Redefining \Big on input line 722.
LaTeX Info: Redefining \bigg on input line 723.
LaTeX Info: Redefining \Bigg on input line 724.
\big@size=\dimen159
LaTeX Font Info:    Redeclaring font encoding OML on input line 742.
LaTeX Font Info:    Redeclaring font encoding OMS on input line 743.
\macc@depth=\count292
LaTeX Info: Redefining \bmod on input line 904.
LaTeX Info: Redefining \pmod on input line 909.
LaTeX Info: Redefining \smash on input line 939.
LaTeX Info: Redefining \relbar on input line 969.
LaTeX Info: Redefining \Relbar on input line 970.
\c@MaxMatrixCols=\count293
\dotsspace@=\muskip17
\c@parentequation=\count294
\dspbrk@lvl=\count295
\tag@help=\toks20
\row@=\count296
\column@=\count297
\maxfields@=\count298
\andhelp@=\toks21
\eqnshift@=\dimen160
\alignsep@=\dimen161
\tagshift@=\dimen162
\tagwidth@=\dimen163
\totwidth@=\dimen164
\lineht@=\dimen165
\@envbody=\toks22
\multlinegap=\skip52
\multlinetaggap=\skip53
\mathdisplay@stack=\toks23
LaTeX Info: Redefining \[ on input line 2950.
LaTeX Info: Redefining \] on input line 2951.
) (/usr/local/texlive/2026basic/texmf-dist/tex/latex/amsfonts/amssymb.sty
Package: amssymb 2013/01/14 v3.01 AMS font symbols
 (/usr/local/texlive/2026basic/texmf-dist/tex/latex/amsfonts/amsfonts.sty
Package: amsfonts 2013/01/14 v3.01 Basic AMSFonts support
\symAMSa=\mathgroup4
\symAMSb=\mathgroup5
LaTeX Font Info:    Redeclaring math symbol \hbar on input line 98.
LaTeX Font Info:    Overwriting math alphabet `\mathfrak' in version `bold'
(Font)                  U/euf/m/n --> U/euf/b/n on input line 106.
)) (/usr/local/texlive/2026basic/texmf-dist/tex/latex/amscls/amsthm.sty
Package: amsthm 2020/05/29 v2.20.6
\thm@style=\toks24
\thm@bodyfont=\toks25
\thm@headfont=\toks26
\thm@notefont=\toks27
\thm@headpunct=\toks28
\thm@preskip=\skip54
\thm@postskip=\skip55
\thm@headsep=\skip56
\dth@everypar=\toks29
) (/usr/local/texlive/2026basic/texmf-dist/tex/latex/graphics/graphicx.sty
Package: graphicx 2024/12/31 v1.2e Enhanced LaTeX Graphics (DPC,SPQR)
 (/usr/local/texlive/2026basic/texmf-dist/tex/latex/graphics/graphics.sty
Package: graphics 2024/08/06 v1.4g Standard LaTeX Graphics (DPC,SPQR)
 (/usr/local/texlive/2026basic/texmf-dist/tex/latex/graphics/trig.sty
Package: trig 2023/12/02 v1.11 sin cos tan (DPC)
) (/usr/local/texlive/2026basic/texmf-dist/tex/latex/graphics-cfg/graphics.cfg
File: graphics.cfg 2016/06/04 v1.11 sample graphics configuration
)
Package graphics Info: Driver file: pdftex.def on input line 106.
 (/usr/local/texlive/2026basic/texmf-dist/tex/latex/graphics-def/pdftex.def
File: pdftex.def 2025/09/29 v1.2d Graphics/color driver for pdftex
))
\Gin@req@height=\dimen166
\Gin@req@width=\dimen167
) (/usr/local/texlive/2026basic/texmf-dist/tex/latex/float/float.sty
Package: float 2001/11/08 v1.3d Float enhancements (AL)
\c@float@type=\count299
\float@exts=\toks30
\float@box=\box55
\@float@everytoks=\toks31
\@floatcapt=\box56
) (/usr/local/texlive/2026basic/texmf-dist/tex/latex/hyperref/hyperref.sty
Package: hyperref 2026-01-29 v7.01p Hypertext links for LaTeX
 (/usr/local/texlive/2026basic/texmf-dist/tex/latex/kvsetkeys/kvsetkeys.sty
Package: kvsetkeys 2022-10-05 v1.19 Key value parser (HO)
) (/usr/local/texlive/2026basic/texmf-dist/tex/generic/kvdefinekeys/kvdefinekeys.sty
Package: kvdefinekeys 2019-12-19 v1.6 Define keys (HO)
) (/usr/local/texlive/2026basic/texmf-dist/tex/generic/pdfescape/pdfescape.sty
Package: pdfescape 2019/12/09 v1.15 Implements pdfTeX's escape features (HO)
 (/usr/local/texlive/2026basic/texmf-dist/tex/generic/ltxcmds/ltxcmds.sty
Package: ltxcmds 2023-12-04 v1.26 LaTeX kernel commands for general use (HO)
) (/usr/local/texlive/2026basic/texmf-dist/tex/generic/pdftexcmds/pdftexcmds.sty
Package: pdftexcmds 2020-06-27 v0.33 Utility functions of pdfTeX for LuaTeX (HO)
 (/usr/local/texlive/2026basic/texmf-dist/tex/generic/infwarerr/infwarerr.sty
Package: infwarerr 2019/12/03 v1.5 Providing info/warning/error messages (HO)
)
Package pdftexcmds Info: \pdf@primitive is available.
Package pdftexcmds Info: \pdf@ifprimitive is available.
Package pdftexcmds Info: \pdfdraftmode found.
)) (/usr/local/texlive/2026basic/texmf-dist/tex/latex/hycolor/hycolor.sty
Package: hycolor 2020-01-27 v1.10 Color options for hyperref/bookmark (HO)
) (/usr/local/texlive/2026basic/texmf-dist/tex/latex/hyperref/nameref.sty
Package: nameref 2026-01-29 v2.58 Cross-referencing by name of section
 (/usr/local/texlive/2026basic/texmf-dist/tex/latex/refcount/refcount.sty
Package: refcount 2019/12/15 v3.6 Data extraction from label references (HO)
) (/usr/local/texlive/2026basic/texmf-dist/tex/generic/gettitlestring/gettitlestring.sty
Package: gettitlestring 2019/12/15 v1.6 Cleanup title references (HO)
 (/usr/local/texlive/2026basic/texmf-dist/tex/latex/kvoptions/kvoptions.sty
Package: kvoptions 2022-06-15 v3.15 Key value format for package options (HO)
))
\c@section@level=\count300
) (/usr/local/texlive/2026basic/texmf-dist/tex/latex/etoolbox/etoolbox.sty
Package: etoolbox 2025/10/02 v2.5m e-TeX tools for LaTeX (JAW)
\etb@tempcnta=\count301
) (/usr/local/texlive/2026basic/texmf-dist/tex/generic/stringenc/stringenc.sty
Package: stringenc 2019/11/29 v1.12 Convert strings between diff. encodings (HO)
)
\@linkdim=\dimen168
\Hy@linkcounter=\count302
\Hy@pagecounter=\count303
 (/usr/local/texlive/2026basic/texmf-dist/tex/latex/hyperref/pd1enc.def
File: pd1enc.def 2026-01-29 v7.01p Hyperref: PDFDocEncoding definition (HO)
Now handling font encoding PD1 ...
... no UTF-8 mapping file for font encoding PD1
) (/usr/local/texlive/2026basic/texmf-dist/tex/generic/intcalc/intcalc.sty
Package: intcalc 2019/12/15 v1.3 Expandable calculations with integers (HO)
)
\Hy@SavedSpaceFactor=\count304
 (/usr/local/texlive/2026basic/texmf-dist/tex/latex/hyperref/puenc.def
File: puenc.def 2026-01-29 v7.01p Hyperref: PDF Unicode definition (HO)
Now handling font encoding PU ...
... no UTF-8 mapping file for font encoding PU
)
Package hyperref Info: Hyper figures OFF on input line 4201.
Package hyperref Info: Link nesting OFF on input line 4206.
Package hyperref Info: Hyper index ON on input line 4209.
Package hyperref Info: Plain pages OFF on input line 4216.
Package hyperref Info: Backreferencing OFF on input line 4221.
Package hyperref Info: Implicit mode ON; LaTeX internals redefined.
Package hyperref Info: Bookmarks ON on input line 4468.
\c@Hy@tempcnt=\count305
 (/usr/local/texlive/2026basic/texmf-dist/tex/latex/url/url.sty
\Urlmuskip=\muskip18
Package: url 2013/09/16  ver 3.4  Verb mode for urls, etc.
)
LaTeX Info: Redefining \url on input line 4807.
\XeTeXLinkMargin=\dimen169
 (/usr/local/texlive/2026basic/texmf-dist/tex/generic/bitset/bitset.sty
Package: bitset 2019/12/09 v1.3 Handle bit-vector datatype (HO)
 (/usr/local/texlive/2026basic/texmf-dist/tex/generic/bigintcalc/bigintcalc.sty
Package: bigintcalc 2019/12/15 v1.5 Expandable calculations on big integers (HO)
))
\Fld@menulength=\count306
\Field@Width=\dimen170
\Fld@charsize=\dimen171
Package hyperref Info: Hyper figures OFF on input line 6084.
Package hyperref Info: Link nesting OFF on input line 6089.
Package hyperref Info: Hyper index ON on input line 6092.
Package hyperref Info: backreferencing OFF on input line 6099.
Package hyperref Info: Link coloring OFF on input line 6104.
Package hyperref Info: Link coloring with OCG OFF on input line 6109.
Package hyperref Info: PDF/A mode OFF on input line 6114.
\Hy@abspage=\count307
\c@Item=\count308
\c@Hfootnote=\count309
)
Package hyperref Info: Driver (autodetected): hpdftex.
 (/usr/local/texlive/2026basic/texmf-dist/tex/latex/hyperref/hpdftex.def
File: hpdftex.def 2026-01-29 v7.01p Hyperref driver for pdfTeX
\Fld@listcount=\count310
\c@bookmark@seq@number=\count311
 (/usr/local/texlive/2026basic/texmf-dist/tex/latex/rerunfilecheck/rerunfilecheck.sty
Package: rerunfilecheck 2025-06-21 v1.11 Rerun checks for auxiliary files (HO)
 (/usr/local/texlive/2026basic/texmf-dist/tex/generic/uniquecounter/uniquecounter.sty
Package: uniquecounter 2019/12/15 v1.4 Provide unlimited unique counter (HO)
)
Package uniquecounter Info: New unique counter `rerunfilecheck' on input line 284.
)
\Hy@SectionHShift=\skip57
) (/usr/local/texlive/2026basic/texmf-dist/tex/latex/tools/bm.sty
Package: bm 2025/10/21 v1.2g Bold Symbol Support (DPC/FMi)
\symboldoperators=\mathgroup6
\symboldletters=\mathgroup7
\symboldsymbols=\mathgroup8
Package bm Info: No bold for \OMX/cmex/m/n, using \pmb.
Package bm Info: No bold for \U/msa/m/n, using \pmb.
Package bm Info: No bold for \U/msb/m/n, using \pmb.
LaTeX Font Info:    Redeclaring math alphabet \mathbf on input line 149.
) (/usr/local/texlive/2026basic/texmf-dist/tex/latex/listings/listings.sty
\lst@mode=\count312
\lst@gtempboxa=\box57
\lst@token=\toks32
\lst@length=\count313
\lst@currlwidth=\dimen172
\lst@column=\count314
\lst@pos=\count315
\lst@lostspace=\dimen173
\lst@width=\dimen174
\lst@newlines=\count316
\lst@lineno=\count317
\lst@maxwidth=\dimen175
 (/usr/local/texlive/2026basic/texmf-dist/tex/latex/listings/lstpatch.sty
File: lstpatch.sty 2025/11/14 1.11b (Carsten Heinz)
) (/usr/local/texlive/2026basic/texmf-dist/tex/latex/listings/lstmisc.sty
File: lstmisc.sty 2025/11/14 1.11b (Carsten Heinz)
\c@lstnumber=\count318
\lst@skipnumbers=\count319
\lst@framebox=\box58
) (/usr/local/texlive/2026basic/texmf-dist/tex/latex/listings/listings.cfg
File: listings.cfg 2025/11/14 1.11b listings configuration
))
Package: listings 2025/11/14 1.11b (Carsten Heinz)

==> First Aid for listings.sty no longer applied!
    Expected:
        2024/09/23 1.10c (Carsten Heinz)
    but found:
        2025/11/14 1.11b (Carsten Heinz)
    so I'm assuming it got fixed.
(/usr/local/texlive/2026basic/texmf-dist/tex/latex/xcolor/xcolor.sty
Package: xcolor 2024/09/29 v3.02 LaTeX color extensions (UK)
 (/usr/local/texlive/2026basic/texmf-dist/tex/latex/graphics-cfg/color.cfg
File: color.cfg 2016/01/02 v1.6 sample color configuration
)
Package xcolor Info: Driver file: pdftex.def on input line 274.
 (/usr/local/texlive/2026basic/texmf-dist/tex/latex/graphics/mathcolor.ltx)
Package xcolor Info: Model `cmy' substituted by `cmy0' on input line 1349.
Package xcolor Info: Model `hsb' substituted by `rgb' on input line 1353.
Package xcolor Info: Model `RGB' extended on input line 1365.
Package xcolor Info: Model `HTML' substituted by `rgb' on input line 1367.
Package xcolor Info: Model `Hsb' substituted by `hsb' on input line 1368.
Package xcolor Info: Model `tHsb' substituted by `hsb' on input line 1369.
Package xcolor Info: Model `HSB' substituted by `hsb' on input line 1370.
Package xcolor Info: Model `Gray' substituted by `gray' on input line 1371.
Package xcolor Info: Model `wave' substituted by `hsb' on input line 1372.
) (/usr/local/texlive/2026basic/texmf-dist/tex/latex/setspace/setspace.sty
Package: setspace 2022/12/04 v6.7b set line spacing
) (/usr/local/texlive/2026basic/texmf-dist/tex/latex/titlesec/titlesec.sty
Package: titlesec 2025/01/04 v2.17 Sectioning titles
\ttl@box=\box59
\beforetitleunit=\skip58
\aftertitleunit=\skip59
\ttl@plus=\dimen176
\ttl@minus=\dimen177
\ttl@toksa=\toks33
\titlewidth=\dimen178
\titlewidthlast=\dimen179
\titlewidthfirst=\dimen180
) (/usr/local/texlive/2026basic/texmf-dist/tex/latex/tocloft/tocloft.sty
Package: tocloft 2017/08/31 v2.3i parameterised ToC, etc., typesetting
Package tocloft Info: The document has chapter divisions on input line 51.
\cftparskip=\skip60
\cftbeforetoctitleskip=\skip61
\cftaftertoctitleskip=\skip62
\cftbeforepartskip=\skip63
\cftpartnumwidth=\skip64
\cftpartindent=\skip65
\cftbeforechapskip=\skip66
\cftchapindent=\skip67
\cftchapnumwidth=\skip68
\cftbeforesecskip=\skip69
\cftsecindent=\skip70
\cftsecnumwidth=\skip71
\cftbeforesubsecskip=\skip72
\cftsubsecindent=\skip73
\cftsubsecnumwidth=\skip74
\cftbeforesubsubsecskip=\skip75
\cftsubsubsecindent=\skip76
\cftsubsubsecnumwidth=\skip77
\cftbeforeparaskip=\skip78
\cftparaindent=\skip79
\cftparanumwidth=\skip80
\cftbeforesubparaskip=\skip81
\cftsubparaindent=\skip82
\cftsubparanumwidth=\skip83
\cftbeforeloftitleskip=\skip84
\cftafterloftitleskip=\skip85
\cftbeforefigskip=\skip86
\cftfigindent=\skip87
\cftfignumwidth=\skip88
\c@lofdepth=\count320
\c@lotdepth=\count321
\cftbeforelottitleskip=\skip89
\cftafterlottitleskip=\skip90
\cftbeforetabskip=\skip91
\cfttabindent=\skip92
\cfttabnumwidth=\skip93
) (/usr/local/texlive/2026basic/texmf-dist/tex/latex/enumitem/enumitem.sty
Package: enumitem 2025/02/06 v3.11 Customized lists
\labelindent=\skip94
\enit@outerparindent=\dimen181
\enit@toks=\toks34
\enit@inbox=\box60
\enit@count@id=\count322
\enitdp@description=\count323
) (/usr/local/texlive/2026basic/texmf-dist/tex/latex/l3backend/l3backend-pdftex.def
File: l3backend-pdftex.def 2025-10-09 L3 backend support: PDF output (pdfTeX)
\l__color_backend_stack_int=\count324
) (./report.aux)
\openout1 = `report.aux'.

LaTeX Font Info:    Checking defaults for OML/cmm/m/it on input line 23.
LaTeX Font Info:    ... okay on input line 23.
LaTeX Font Info:    Checking defaults for OMS/cmsy/m/n on input line 23.
LaTeX Font Info:    ... okay on input line 23.
LaTeX Font Info:    Checking defaults for OT1/cmr/m/n on input line 23.
LaTeX Font Info:    ... okay on input line 23.
LaTeX Font Info:    Checking defaults for T1/cmr/m/n on input line 23.
LaTeX Font Info:    ... okay on input line 23.
LaTeX Font Info:    Checking defaults for TS1/cmr/m/n on input line 23.
LaTeX Font Info:    ... okay on input line 23.
LaTeX Font Info:    Checking defaults for OMX/cmex/m/n on input line 23.
LaTeX Font Info:    ... okay on input line 23.
LaTeX Font Info:    Checking defaults for U/cmr/m/n on input line 23.
LaTeX Font Info:    ... okay on input line 23.
LaTeX Font Info:    Checking defaults for PD1/pdf/m/n on input line 23.
LaTeX Font Info:    ... okay on input line 23.
LaTeX Font Info:    Checking defaults for PU/pdf/m/n on input line 23.
LaTeX Font Info:    ... okay on input line 23.

*geometry* driver: auto-detecting
*geometry* detected driver: pdftex
*geometry* verbose mode - [ preamble ] result:
* driver: pdftex
* paper: a4paper
* layout: <same size as paper>
* layoutoffset:(h,v)=(0.0pt,0.0pt)
* modes: 
* h-part:(L,W,R)=(72.26999pt, 452.9679pt, 72.26999pt)
* v-part:(T,H,B)=(72.26999pt, 700.50687pt, 72.26999pt)
* \paperwidth=597.50787pt
* \paperheight=845.04684pt
* \textwidth=452.9679pt
* \textheight=700.50687pt
* \oddsidemargin=0.0pt
* \evensidemargin=0.0pt
* \topmargin=-37.0pt
* \headheight=12.0pt
* \headsep=25.0pt
* \topskip=11.0pt
* \footskip=30.0pt
* \marginparwidth=59.0pt
* \marginparsep=10.0pt
* \columnsep=10.0pt
* \skip\footins=10.0pt plus 4.0pt minus 2.0pt
* \hoffset=0.0pt
* \voffset=0.0pt
* \mag=1000
* \@twocolumnfalse
* \@twosidefalse
* \@mparswitchfalse
* \@reversemarginfalse
* (1in=72.27pt=25.4mm, 1cm=28.453pt)

(/usr/local/texlive/2026basic/texmf-dist/tex/context/base/mkii/supp-pdf.mkii
[Loading MPS to PDF converter (version 2006.09.02).]
\scratchcounter=\count325
\scratchdimen=\dimen182
\scratchbox=\box61
\nofMPsegments=\count326
\nofMParguments=\count327
\everyMPshowfont=\toks35
\MPscratchCnt=\count328
\MPscratchDim=\dimen183
\MPnumerator=\count329
\makeMPintoPDFobject=\count330
\everyMPtoPDFconversion=\toks36
) (/usr/local/texlive/2026basic/texmf-dist/tex/latex/epstopdf-pkg/epstopdf-base.sty
Package: epstopdf-base 2020-01-24 v2.11 Base part for package epstopdf
Package epstopdf-base Info: Redefining graphics rule for `.eps' on input line 485.
 (/usr/local/texlive/2026basic/texmf-dist/tex/latex/latexconfig/epstopdf-sys.cfg
File: epstopdf-sys.cfg 2010/07/13 v1.3 Configuration of (r)epstopdf for TeX Live
))
Package hyperref Info: Link coloring OFF on input line 23.
 (./report.out) (./report.out)
\@outlinefile=\write3
\openout3 = `report.out'.

\c@lstlisting=\count331
LaTeX Font Info:    Trying to load font information for U+msa on input line 26.
 (/usr/local/texlive/2026basic/texmf-dist/tex/latex/amsfonts/umsa.fd
File: umsa.fd 2013/01/14 v3.01 AMS symbols A
)
LaTeX Font Info:    Trying to load font information for U+msb on input line 26.
 (/usr/local/texlive/2026basic/texmf-dist/tex/latex/amsfonts/umsb.fd
File: umsb.fd 2013/01/14 v3.01 AMS symbols B
) [1

{/usr/local/texlive/2026basic/texmf-var/fonts/map/pdftex/updmap/pdftex.map}] (./report.toc
pdfTeX warning (ext4): destination with the same identifier (name{page.1}) has been already used, duplicate ignored
<to be read again> 
                   \relax 
l.43 ... {2.4.2}Plot stride}{39}{subsection.2.4.2}
                                                  % [1])
\tf@toc=\write4
\openout4 = `report.toc'.

 [2]
Chapter 1.
[3

]
LaTeX Font Info:    Trying to load font information for OMS+cmr on input line 128.
 (/usr/local/texlive/2026basic/texmf-dist/tex/latex/base/omscmr.fd
File: omscmr.fd 2024/11/19 v2.5n Standard LaTeX font definitions
)
LaTeX Font Info:    Font shape `OMS/cmr/m/n' in size <10.95> not available
(Font)              Font shape `OMS/cmsy/m/n' tried instead on input line 128.

Overfull \hbox (39.78723pt too wide) in paragraph at lines 128--129
[][][][][][][][][][][][][][][][][][][][][][][][][][][] 
 []

[4]
LaTeX Font Info:    Trying to load font information for OML+cmr on input line 145.
 (/usr/local/texlive/2026basic/texmf-dist/tex/latex/base/omlcmr.fd
File: omlcmr.fd 2024/11/19 v2.5n Standard LaTeX font definitions
)
LaTeX Font Info:    Font shape `OML/cmr/m/n' in size <10.95> not available
(Font)              Font shape `OML/cmm/m/it' tried instead on input line 145.
 [5] [6] [7] [8]
Overfull \hbox (46.3573pt too wide) in paragraph at lines 357--358
[][][][][][][][][][][][][][][][][][][][][][][][][][][][][][][][][][][][][][][][][][][][][][][][][][] 
 []

[9]

Package hyperref Warning: Token not allowed in a PDF string (Unicode):
(hyperref)                removing `math shift' on input line 408.


Package hyperref Warning: Token not allowed in a PDF string (Unicode):
(hyperref)                removing `subscript' on input line 408.


Package hyperref Warning: Token not allowed in a PDF string (Unicode):
(hyperref)                removing `math shift' on input line 408.

<../figures/snapshots_ex4_svs.png, id=582, 602.25pt x 401.5pt>
File: ../figures/snapshots_ex4_svs.png Graphic file (type png)
<use ../figures/snapshots_ex4_svs.png>
Package pdftex.def Info: ../figures/snapshots_ex4_svs.png  used on input line 454.
(pdftex.def)             Requested size: 362.37569pt x 241.59413pt.
[10]

Package hyperref Warning: Token not allowed in a PDF string (Unicode):
(hyperref)                removing `math shift' on input line 459.


Package hyperref Warning: Token not allowed in a PDF string (Unicode):
(hyperref)                removing `subscript' on input line 459.


Package hyperref Warning: Token not allowed in a PDF string (Unicode):
(hyperref)                removing `math shift' on input line 459.

<../figures/snapshots_ex4_norms.png, id=617, 602.25pt x 401.5pt>
File: ../figures/snapshots_ex4_norms.png Graphic file (type png)
<use ../figures/snapshots_ex4_norms.png>
Package pdftex.def Info: ../figures/snapshots_ex4_norms.png  used on input line 469.
(pdftex.def)             Requested size: 271.7835pt x 181.19406pt.
[11 <../figures/snapshots_ex4_svs.png> <../figures/snapshots_ex4_norms.png>]
Overfull \hbox (105.48792pt too wide) in paragraph at lines 524--527
[][][][][][][][][][][][][][][][][][][][][][][][][][][][][][][][][][][][][][][][][][][][][][][][][][][][][][][][][][][] 
 []

[12] [13] [14]
Overfull \hbox (105.48792pt too wide) in paragraph at lines 658--659
[][][][][][][][][][][][][][][][][][][][][][][][][][][][][][][][][][][][][][][][][][][][][][][][][] 
 []

[15] [16]
Overfull \hbox (6.93689pt too wide) in paragraph at lines 753--755
[][][][][][][][][][][][][][][][][][][][][][][][][][][][][][][][][][][] 
 []

[17]
Overfull \hbox (26.6471pt too wide) in paragraph at lines 802--803
[][][][][][][][][][][][][][][][][][][][][][][][][][][][][][][][][] 
 []

[18] [19]
Overfull \hbox (92.34778pt too wide) in paragraph at lines 916--917
[][][][][][][][][][][][][][][][][][][][][][][][][][][][][][][][] 
 []


Overfull \hbox (13.50696pt too wide) in paragraph at lines 931--932
[][][][][][][][][][][][][][][][][][][][][][][][][][][][][][][] 
 []

[20]
Overfull \hbox (13.50696pt too wide) in paragraph at lines 956--957
[][][][][][][][][][][][][][][][][][][][][][][][][][][][][][][] 
 []

[21]
Overfull \hbox (59.49744pt too wide) in paragraph at lines 1003--1004
[][][][][][][][][][][][][][][][][][][][][][][][][][][][][][][][][][][][][] 
 []


Overfull \hbox (59.49744pt too wide) in paragraph at lines 1004--1006
[][][][][][][][][][][][][][][][][][][][][][][][][][][][][][][][][][][][][] 
 []

<../figures/snapshots_ex8_rank.png, id=1089, 602.25pt x 401.5pt>
File: ../figures/snapshots_ex8_rank.png Graphic file (type png)
<use ../figures/snapshots_ex8_rank.png>
Package pdftex.def Info: ../figures/snapshots_ex8_rank.png  used on input line 1045.
(pdftex.def)             Requested size: 362.37569pt x 241.59413pt.
[22]
<../figures/snapshots_ex8_cumtime.png, id=1133, 602.25pt x 401.5pt>
File: ../figures/snapshots_ex8_cumtime.png Graphic file (type png)
<use ../figures/snapshots_ex8_cumtime.png>
Package pdftex.def Info: ../figures/snapshots_ex8_cumtime.png  used on input line 1052.
(pdftex.def)             Requested size: 362.37569pt x 241.59413pt.
 [23 <../figures/snapshots_ex8_rank.png> <../figures/snapshots_ex8_cumtime.png>]
Overfull \hbox (46.3573pt too wide) in paragraph at lines 1103--1104
[][][][][][][][][][][][][][][][][][][][][][][][][][][][][][][][][][][][][][][][][][][][][][][][][][] 
 []

[24]
Overfull \hbox (59.49744pt too wide) in paragraph at lines 1137--1138
[][][][][][][][][][][][][][][][][][][][][][][][][][][][][][][][][][][][][] 
 []


Overfull \hbox (59.49744pt too wide) in paragraph at lines 1138--1140
[][][][][][][][][][][][][][][][][][][][][][][][][][][][][][][][][][][][][] 
 []

[25] [26] [27]
Overfull \hbox (79.20764pt too wide) in paragraph at lines 1281--1282
[][][][][][][][][][][][][][][][][][][][][][][][][][][][][][][][][][][][][][][][][][][][][][][][][][] 
 []


Overfull \hbox (79.20764pt too wide) in paragraph at lines 1282--1284
[][][][][][][][][][][][][][][][][][][][][][][][][][][][][][][][][][][][][][][][][][][][][][][][][][] 
 []


Overfull \hbox (13.50696pt too wide) in paragraph at lines 1293--1294
[][][][][][][][][][][][][][][][][][][][][][][][][][][][][][][][][][][][][][][] 
 []

[28]
Overfull \hbox (13.50696pt too wide) in paragraph at lines 1378--1379
[][][][][][][][][][][][][][][][][][][][][][][][][][][][][][][][][][][][][][][][][][][][][][][] 
 []

[29] [30] [31]
<../figures/snapshots_ex10.png, id=1520, 1405.25pt x 301.125pt>
File: ../figures/snapshots_ex10.png Graphic file (type png)
<use ../figures/snapshots_ex10.png>
Package pdftex.def Info: ../figures/snapshots_ex10.png  used on input line 1498.
(pdftex.def)             Requested size: 452.9679pt x 97.06496pt.
 [32 <../figures/snapshots_ex10.png>]
Chapter 2.
[33

] [34]
Overfull \hbox (70.16269pt too wide) in paragraph at lines 1836--1836
[]\OT1/cmtt/m/n/10.95 # parameters and let S[:, j] = \partial u/\partial a[j].  Differentiating the semi-discrete[] 
 []

[35]
Overfull \hbox (6.92712pt too wide) in paragraph at lines 1836--1836
[]\OT1/cmtt/m/n/10.95 # Pick dt from the advective CFL condition max(a) * dt / h \approx 1, then round[] 
 []


Overfull \hbox (58.66531pt too wide) in paragraph at lines 1836--1836
[]\OT1/cmtt/m/n/10.95 S    = zeros(eltype(u0), length(u0), length(u0))   # column j is \partial u/\partial a[j][] 
 []


Overfull \hbox (12.67581pt too wide) in paragraph at lines 1836--1836
[]\OT1/cmtt/m/n/10.95 # Cost functional J(u(t), u_0) = 0.5 * || u(t) - u_0 ||_{2}^2 (discrete l2 norm).[] 
 []

[36] [37]
Overfull \hbox (144.89563pt too wide) in paragraph at lines 1836--1836
[]                      \OT1/cmtt/m/n/10.95 label  = "\partial u/\partial a[$(J_PLOT)] (x_j = $(round(x[J_PLOT]; digits=3)))",[] 
 []


Overfull \hbox (6.8368pt too wide) in paragraph at lines 1836--1836
[]\OT1/cmtt/m/n/10.95 println("RK4 with Nt = $Nt steps, dt = $dt, T = $tf, CFL = max(a)\TS1/cmtt/m/n/10.95 ·\OT1/cmtt/m/n/10.95 dt/h = $cfl.")[] 
 []


Overfull \hbox (23.99255pt too wide) in paragraph at lines 1836--1836
[]\OT1/cmtt/m/n/10.95 println("\TS1/cmtt/m/n/10.95 †\OT1/cmtt/m/n/10.95 \partial u/\partial a[$(J_PLOT)](T)\TS1/cmtt/m/n/10.95 †\OT1/cmtt/m/n/10.95 _2     = ", norm(@view S[:, J_PLOT]))[] 
 []


Overfull \hbox (150.64432pt too wide) in paragraph at lines 1836--1836
[]\OT1/cmtt/m/n/10.95 #     \partial J/\partial a[j] = (u(T) - u_0)^T * \partial u(T)/\partial a[j] = (u(T) - u_0)^T * S[:, j],[] 
 []


Overfull \hbox (121.90088pt too wide) in paragraph at lines 1836--1836
[]\OT1/cmtt/m/n/10.95 println("argmax|\nabla_a J(T)|     = j = $(argmax(abs.(gradJ)))  (x_j = $(x[argmax(abs.(gradJ))]))")[] 
 []

[38]
<../figures/final_sensitivity.png, id=1567, 903.375pt x 401.5pt>
File: ../figures/final_sensitivity.png Graphic file (type png)
<use ../figures/final_sensitivity.png>
Package pdftex.def Info: ../figures/final_sensitivity.png  used on input line 1855.
(pdftex.def)             Requested size: 385.02547pt x 171.12228pt.

Underfull \hbox (badness 10000) in paragraph at lines 1856--1856
[]\OT1/cmr/m/n/10.95 Figure 2.1: []Final sen-si-tiv-ity sum-mary and sin-gu-lar value be-hav-ior from
 []

[39 <../figures/final_sensitivity.png>]
Overfull \hbox (213.87988pt too wide) in paragraph at lines 1930--1930
[]\OT1/cmtt/m/n/10.95 Du = upwind_operators(periodic_derivative_operator; derivative_order=1, accuracy_order=4, xmin=xmin, xmax=xmax, N=N)[] 
 []


Overfull \hbox (1.17844pt too wide) in paragraph at lines 1930--1930
[]\OT1/cmtt/m/n/10.95 k1u=similar(u); k2u=similar(u); k3u=similar(u); k4u=similar(u); utmp=similar(u)[] 
 []


Overfull \hbox (1.17844pt too wide) in paragraph at lines 1930--1930
[]\OT1/cmtt/m/n/10.95 k1S=similar(S); k2S=similar(S); k3S=similar(S); k4S=similar(S); Stmp=similar(S)[] 
 []

[40]
Overfull \hbox (133.39825pt too wide) in paragraph at lines 1930--1930
[]\OT1/cmtt/m/n/10.95 plt = plot(title="Effective rank", xlabel="t", ylabel="r\varepsilon", yscale=:log10, legend=:topright)[] 
 []


Overfull \hbox (116.15219pt too wide) in paragraph at lines 1930--1930
[]    \OT1/cmtt/m/n/10.95 plot!(plt, t_log, rank_log[i], label="\varepsilon=1e$(Int(log10(eps)))", lw=2, color=colors[i])[] 
 []

<../figures/rank.png, id=1577, 602.25pt x 401.5pt>
File: ../figures/rank.png Graphic file (type png)
<use ../figures/rank.png>
Package pdftex.def Info: ../figures/rank.png  used on input line 1934.
(pdftex.def)             Requested size: 385.02547pt x 256.69568pt.

Package hyperref Warning: Token not allowed in a PDF string (Unicode):
(hyperref)                removing `math shift' on input line 1949.

[41 <../figures/rank.png>]
Overfull \hbox (0.36682pt too wide) in paragraph at lines 1987--1988
[][][][][][][][][][][][][][][][][][][][][][][][][][][][][][][][][][] 
 []

[42]
Overfull \hbox (26.6471pt too wide) in paragraph at lines 2010--2011
[][][][][][][][][][][][][][][][][][][][][][][][][][][][][][][][][] 
 []


Overfull \hbox (26.6471pt too wide) in paragraph at lines 2016--2017
[][][][][][][][][][][][][][][][][][][][][][][][][][][][][][][][][] 
 []


Overfull \hbox (20.07703pt too wide) in paragraph at lines 2025--2026
[][][][][][][][][][][][][][][][][][][][][][][][][][][][][][][] 
 []


Overfull \hbox (118.62805pt too wide) in paragraph at lines 2029--2030
[][][][][][][][][][][][][][][][][][][][][][][][][][][][][][][][][][][][][][][][] 
 []


Overfull \hbox (33.21716pt too wide) in paragraph at lines 2039--2040
[][][][][][][][][][][][][][][][][][][][][][][][][][][][][][][][][][][][][][][] 
 []

[43]
Overfull \hbox (98.91785pt too wide) in paragraph at lines 2102--2104
[][][][][][][][][][][][][][][][][][][][][][][][][][][][][][][][][][][][][][][][][][] 
 []

[44] [45] [46]
Overfull \hbox (13.50696pt too wide) in paragraph at lines 2236--2238
[][][][][][][][][][][][][][][][][][][][][][][][][][][][][][][][][][][][][][][][][][] 
 []

[47] [48] [49]
Overfull \hbox (59.49744pt too wide) in paragraph at lines 2404--2405
[][][][][][][][][][][][][][][][][][][][][][][][][][][][][][][][][] 
 []

[50]
Overfull \hbox (0.36682pt too wide) in paragraph at lines 2417--2418
[][][][][][][][][][][][][][][][][][][][][][][][][][][][][][] 
 []


Overfull \hbox (39.78723pt too wide) in paragraph at lines 2456--2457
[][][][][][][][][][][][][][][][][][][][][][][][][][][][][][][][][][][][][][][][][][] 
 []

[51]
Overfull \hbox (98.91785pt too wide) in paragraph at lines 2469--2470
[][][][][][][][][][][][][][][][][][][][][][][][][][][][][][][][][] 
 []


Overfull \hbox (204.03894pt too wide) in paragraph at lines 2476--2478
[][][][][][][][][][][][][][][][][][][][][][][][][][][][][][][][][][][][][][][] 
 []


Overfull \hbox (0.36682pt too wide) in paragraph at lines 2482--2483
[][][][][][][][][][][][][][][][][][][][][][][][][][][][][][] 
 []


Overfull \hbox (59.49744pt too wide) in paragraph at lines 2483--2484
[][][][][][][][][][][][][][][][][][][][][][][] 
 []

<../figures/error_curves.png, id=2089, 602.25pt x 401.5pt>
File: ../figures/error_curves.png Graphic file (type png)
<use ../figures/error_curves.png>
Package pdftex.def Info: ../figures/error_curves.png  used on input line 2493.
(pdftex.def)             Requested size: 385.02547pt x 256.69568pt.
[52 <../figures/error_curves.png>]
Overfull \hbox (92.34778pt too wide) in paragraph at lines 2553--2554
[][][][][][][][][][][][][][][][][][][][][][][][][][][][][][][][][][][][][][] 
 []


Overfull \hbox (92.34778pt too wide) in paragraph at lines 2554--2556
[][][][][][][][][][][][][][][][][][][][][][][][][][][][][][][][][][][][][][] 
 []

[53] [54]
Overfull \hbox (66.0675pt too wide) in paragraph at lines 2611--2612
[][][][][][][][][][][][][][][][][][][][][][][][][][][][][][][][][][][][][][][][][] 
 []

[55] [56]
Overfull \hbox (0.36682pt too wide) in paragraph at lines 2751--2752
[][][][][][][][][][][][][][][][][][][][][][][][][][][][][][][][][][][][][] 
 []

[57] [58]
Chapter 3.

Package hyperref Warning: Token not allowed in a PDF string (Unicode):
(hyperref)                removing `math shift' on input line 2784.

[59

]
Overfull \hbox (125.19812pt too wide) in paragraph at lines 2860--2861
[][][][][][][][][][][][][][][][][][][][][][][][][][][][][] 
 []

[60] [61] [62] [63]
Overfull \hbox (0.36682pt too wide) in paragraph at lines 3081--3082
[][][][][][][][][][][][][][][][][][][][][][][] 
 []


Overfull \hbox (52.0669pt too wide) in paragraph at lines 3084--3085
[]\OT1/cmr/m/n/10.95 Based on this ver-i-fi-ca-tion, it prints out "norm of A - to-dense(Tucker3(A, 1e-12))= 3.8296095413294746e-
 []

[64]
Overfull \hbox (20.07703pt too wide) in paragraph at lines 3159--3161
[][][][][][][][][][][][][][][][][][][][][][][][][][][][][][][] 
 []

[65] [66]
Overfull \hbox (20.07703pt too wide) in paragraph at lines 3267--3268
[][][][][][][][][][][][][][][][][][][][][][][][][][][][][][][][][][][][][][][][][][][][][][][][][][][] 
 []


Overfull \hbox (6.93689pt too wide) in paragraph at lines 3274--3276
[][][][][][][][][][][][][][][][][][][][][][][][][][][][][][][][][][] 
 []

[67]
Overfull \hbox (0.36682pt too wide) in paragraph at lines 3291--3292
[][][][][][][][][][][][][][][][][][][][][][][][][][][][][][][][][] 
 []


Overfull \hbox (98.91785pt too wide) in paragraph at lines 3297--3298
[][][][][][][][][][][][][][][][][][][][][][][][][][][][][][][][][][][] 
 []


Overfull \hbox (59.49744pt too wide) in paragraph at lines 3303--3304
[][][][][][][][][][][][][][][][][][][][][][][][][][][][][][][][][] 
 []

<../figures/p1.png, id=2717, 602.25pt x 401.5pt>
File: ../figures/p1.png Graphic file (type png)
<use ../figures/p1.png>
Package pdftex.def Info: ../figures/p1.png  used on input line 3323.
(pdftex.def)             Requested size: 385.02547pt x 256.69568pt.
[68]
<../figures/p2.png, id=2758, 602.25pt x 401.5pt>
File: ../figures/p2.png Graphic file (type png)
<use ../figures/p2.png>
Package pdftex.def Info: ../figures/p2.png  used on input line 3336.
(pdftex.def)             Requested size: 385.02547pt x 256.69568pt.
<../figures/p3.png, id=2759, 602.25pt x 401.5pt>
File: ../figures/p3.png Graphic file (type png)
<use ../figures/p3.png>
Package pdftex.def Info: ../figures/p3.png  used on input line 3349.
(pdftex.def)             Requested size: 385.02547pt x 256.69568pt.
 [69 <../figures/p1.png> <../figures/p2.png>] [70 <../figures/p3.png>] [71] [72]
Overfull \hbox (13.50696pt too wide) in paragraph at lines 3562--3563
[][][][][][][][][][][][][][][][][][][][][][][][][][][][][][] 
 []

[73]
Overfull \hbox (118.62805pt too wide) in paragraph at lines 3565--3566
[][][][][][][][][][][][][][][][][][][][][][][][][][][][][][][][] 
 []


Package hyperref Warning: Token not allowed in a PDF string (Unicode):
(hyperref)                removing `math shift' on input line 3582.


Package hyperref Warning: Token not allowed in a PDF string (Unicode):
(hyperref)                removing `math shift' on input line 3582.

[74] [75]
Overfull \hbox (0.36682pt too wide) in paragraph at lines 3680--3681
[][][][][][][][][][][][][][][][][][][][][][][][][][][][][][][][][][][][][] 
 []

[76] (./report.aux)
 ***********
LaTeX2e <2025-11-01>
L3 programming layer <2026-01-19>
 ***********
Package rerunfilecheck Info: File `report.out' has not changed.
(rerunfilecheck)             Checksum: 6E6084FEB5D919C7FB7C820BD9FCFB12;14203.
 ) 
Here is how much of TeX's memory you used:
 16074 strings out of 469006
 243244 string characters out of 5454814
 693193 words of memory out of 5000000
 42167 multiletter control sequences out of 15000+600000
 645758 words of font info for 106 fonts, out of 8000000 for 9000
 319 hyphenation exceptions out of 8191
 75i,12n,79p,1145b,1889s stack positions out of 10000i,1000n,20000p,200000b,200000s
 </Users/soeunjang/Library/texlive/2026basic/texmf-var/fonts/pk/ljfour/jknappen/ec/tctt1095.600pk> </Users/soeunjang/Library/texlive/2026basic/texmf-var/fonts/pk/ljfour/jknappen/ec/tcrm1095.600pk></usr/local/texlive/2026basic/texmf-dist/fonts/type1/public/amsfonts/cm/cmbx10.pfb></usr/local/texlive/2026basic/texmf-dist/fonts/type1/public/amsfonts/cm/cmbx12.pfb></usr/local/texlive/2026basic/texmf-dist/fonts/type1/public/amsfonts/cm/cmex10.pfb></usr/local/texlive/2026basic/texmf-dist/fonts/type1/public/amsfonts/cm/cmmi10.pfb></usr/local/texlive/2026basic/texmf-dist/fonts/type1/public/amsfonts/cm/cmmi12.pfb></usr/local/texlive/2026basic/texmf-dist/fonts/type1/public/amsfonts/cm/cmmi6.pfb></usr/local/texlive/2026basic/texmf-dist/fonts/type1/public/amsfonts/cm/cmmi8.pfb></usr/local/texlive/2026basic/texmf-dist/fonts/type1/public/amsfonts/cm/cmr10.pfb></usr/local/texlive/2026basic/texmf-dist/fonts/type1/public/amsfonts/cm/cmr12.pfb></usr/local/texlive/2026basic/texmf-dist/fonts/type1/public/amsfonts/cm/cmr17.pfb></usr/local/texlive/2026basic/texmf-dist/fonts/type1/public/amsfonts/cm/cmr6.pfb></usr/local/texlive/2026basic/texmf-dist/fonts/type1/public/amsfonts/cm/cmr8.pfb></usr/local/texlive/2026basic/texmf-dist/fonts/type1/public/amsfonts/cm/cmsy10.pfb></usr/local/texlive/2026basic/texmf-dist/fonts/type1/public/amsfonts/cm/cmsy6.pfb></usr/local/texlive/2026basic/texmf-dist/fonts/type1/public/amsfonts/cm/cmsy8.pfb></usr/local/texlive/2026basic/texmf-dist/fonts/type1/public/amsfonts/cm/cmtt10.pfb></usr/local/texlive/2026basic/texmf-dist/fonts/type1/public/amsfonts/cm/cmtt12.pfb></usr/local/texlive/2026basic/texmf-dist/fonts/type1/public/amsfonts/symbols/msbm10.pfb>
Output written on report.pdf (77 pages, 684659 bytes).
PDF statistics:
 3599 PDF objects out of 4296 (max. 8388607)
 3432 compressed objects within 35 object streams
 2427 named destinations out of 2487 (max. 500000)
 616 words of extra memory for PDF output out of 10000 (max. 10000000)

